<?xml version="1.0" encoding="UTF-8"?>
<!-- Generated by org.testng.reporters.JUnitXMLReporter -->
<testsuite hostname="RAJA" ignored="2" name="Test" tests="2" failures="0" timestamp="2020-01-29T13:47:31 IST" time="12.891" errors="0">
  <testcase name="testCreateCustomerTc_04" time="2.853" classname="com.actitime.testscripts.CreateCustomer"/>
  <testcase name="testCreateProjectTc_05" time="1.642" classname="com.actitime.testscripts.CreateNewProjectPage"/>
  <testcase name="@AfterTest CloseBrowser" time="0.0" classname="com.actitime.testscripts.Baseclass">
    <ignored/>
  </testcase> <!-- @AfterTest CloseBrowser -->
  <testcase name="@BeforeTest openBrowser" time="0.0" classname="com.actitime.testscripts.Baseclass">
    <ignored/>
  </testcase> <!-- @BeforeTest openBrowser -->
</testsuite> <!-- Test -->
