<?xml version="1.0" encoding="UTF-8"?>
<testng-results skipped="0" failed="1" ignored="2" total="4" passed="1">
  <reporter-output>
  </reporter-output>
  <suite name="Suite" duration-ms="50397" started-at="2020-01-27T15:35:04 IST" finished-at="2020-01-27T15:35:55 IST">
    <groups>
    </groups>
    <test name="Test" duration-ms="50397" started-at="2020-01-27T15:35:04 IST" finished-at="2020-01-27T15:35:55 IST">
      <class name="com.actitime.testscripts.CreateNewProjectPage">
        <test-method status="PASS" signature="Login()[pri:0, instance:com.actitime.testscripts.CreateNewProjectPage@76f2b07d]" name="Login" is-config="true" duration-ms="217" started-at="2020-01-27T15:35:21 IST" finished-at="2020-01-27T15:35:22 IST">
          <reporter-output>
          </reporter-output>
        </test-method> <!-- Login -->
        <test-method status="FAIL" signature="testCreateProjectTc_05()[pri:0, instance:com.actitime.testscripts.CreateNewProjectPage@76f2b07d]" name="testCreateProjectTc_05" duration-ms="32257" started-at="2020-01-27T15:35:22 IST" finished-at="2020-01-27T15:35:54 IST">
          <exception class="org.openqa.selenium.NoSuchElementException">
            <message>
              <![CDATA[no such element: Unable to locate element: {"method":"class name","selector":"successmsg"}
  (Session info: chrome=79.0.3945.130)
  (Driver info: chromedriver=2.42.591088 (7b2b2dca23cca0862f674758c9a3933e685c27d5),platform=Windows NT 10.0.18362 x86_64) (WARNING: The server did not provide any stacktrace information)
Command duration or timeout: 0 milliseconds
For documentation on this error, please visit: https://www.seleniumhq.org/exceptions/no_such_element.html
Build info: version: '3.141.59', revision: 'e82be7d358', time: '2018-11-14T08:17:03'
System info: host: 'RAJA', ip: '127.0.0.1', os.name: 'Windows 10', os.arch: 'amd64', os.version: '10.0', java.version: '1.8.0_91'
Driver info: org.openqa.selenium.chrome.ChromeDriver
Capabilities {acceptInsecureCerts: false, acceptSslCerts: false, applicationCacheEnabled: false, browserConnectionEnabled: false, browserName: chrome, chrome: {chromedriverVersion: 2.42.591088 (7b2b2dca23cca0..., userDataDir: C:\Users\Raju\AppData\Local...}, cssSelectorsEnabled: true, databaseEnabled: false, goog:chromeOptions: {debuggerAddress: localhost:60702}, handlesAlerts: true, hasTouchScreen: false, javascriptEnabled: true, locationContextEnabled: true, mobileEmulationEnabled: false, nativeEvents: true, networkConnectionEnabled: false, pageLoadStrategy: normal, platform: XP, platformName: XP, rotatable: false, setWindowRect: true, takesHeapSnapshot: true, takesScreenshot: true, unexpectedAlertBehaviour: , unhandledPromptBehavior: , version: 79.0.3945.130, webStorageEnabled: true}
Session ID: 99ee14db5b4b886380a6d23a3863ecca
*** Element info: {Using=class name, value=successmsg}]]>
            </message>
            <full-stacktrace>
              <![CDATA[org.openqa.selenium.NoSuchElementException: no such element: Unable to locate element: {"method":"class name","selector":"successmsg"}
  (Session info: chrome=79.0.3945.130)
  (Driver info: chromedriver=2.42.591088 (7b2b2dca23cca0862f674758c9a3933e685c27d5),platform=Windows NT 10.0.18362 x86_64) (WARNING: The server did not provide any stacktrace information)
Command duration or timeout: 0 milliseconds
For documentation on this error, please visit: https://www.seleniumhq.org/exceptions/no_such_element.html
Build info: version: '3.141.59', revision: 'e82be7d358', time: '2018-11-14T08:17:03'
System info: host: 'RAJA', ip: '127.0.0.1', os.name: 'Windows 10', os.arch: 'amd64', os.version: '10.0', java.version: '1.8.0_91'
Driver info: org.openqa.selenium.chrome.ChromeDriver
Capabilities {acceptInsecureCerts: false, acceptSslCerts: false, applicationCacheEnabled: false, browserConnectionEnabled: false, browserName: chrome, chrome: {chromedriverVersion: 2.42.591088 (7b2b2dca23cca0..., userDataDir: C:\Users\Raju\AppData\Local...}, cssSelectorsEnabled: true, databaseEnabled: false, goog:chromeOptions: {debuggerAddress: localhost:60702}, handlesAlerts: true, hasTouchScreen: false, javascriptEnabled: true, locationContextEnabled: true, mobileEmulationEnabled: false, nativeEvents: true, networkConnectionEnabled: false, pageLoadStrategy: normal, platform: XP, platformName: XP, rotatable: false, setWindowRect: true, takesHeapSnapshot: true, takesScreenshot: true, unexpectedAlertBehaviour: , unhandledPromptBehavior: , version: 79.0.3945.130, webStorageEnabled: true}
Session ID: 99ee14db5b4b886380a6d23a3863ecca
*** Element info: {Using=class name, value=successmsg}
at sun.reflect.NativeConstructorAccessorImpl.newInstance0(Native Method)
at sun.reflect.NativeConstructorAccessorImpl.newInstance(NativeConstructorAccessorImpl.java:62)
at sun.reflect.DelegatingConstructorAccessorImpl.newInstance(DelegatingConstructorAccessorImpl.java:45)
at java.lang.reflect.Constructor.newInstance(Constructor.java:423)
at org.openqa.selenium.remote.ErrorHandler.createThrowable(ErrorHandler.java:214)
at org.openqa.selenium.remote.ErrorHandler.throwIfResponseFailed(ErrorHandler.java:166)
at org.openqa.selenium.remote.http.JsonHttpResponseCodec.reconstructValue(JsonHttpResponseCodec.java:40)
at org.openqa.selenium.remote.http.AbstractHttpResponseCodec.decode(AbstractHttpResponseCodec.java:80)
at org.openqa.selenium.remote.http.AbstractHttpResponseCodec.decode(AbstractHttpResponseCodec.java:44)
at org.openqa.selenium.remote.HttpCommandExecutor.execute(HttpCommandExecutor.java:158)
at org.openqa.selenium.remote.service.DriverCommandExecutor.execute(DriverCommandExecutor.java:83)
at org.openqa.selenium.remote.RemoteWebDriver.execute(RemoteWebDriver.java:552)
at org.openqa.selenium.remote.RemoteWebDriver.findElement(RemoteWebDriver.java:323)
at org.openqa.selenium.remote.RemoteWebDriver.findElementByClassName(RemoteWebDriver.java:412)
at org.openqa.selenium.By$ByClassName.findElement(By.java:389)
at org.openqa.selenium.remote.RemoteWebDriver.findElement(RemoteWebDriver.java:315)
at org.openqa.selenium.support.pagefactory.DefaultElementLocator.findElement(DefaultElementLocator.java:69)
at org.openqa.selenium.support.pagefactory.internal.LocatingElementHandler.invoke(LocatingElementHandler.java:38)
at com.sun.proxy.$Proxy11.getText(Unknown Source)
at com.actitime.webpages.ActiveProjectsAndCustomersPage.retrivesuccessmessage(ActiveProjectsAndCustomersPage.java:44)
at com.actitime.testscripts.CreateNewProjectPage.testCreateProjectTc_05(CreateNewProjectPage.java:29)
at sun.reflect.NativeMethodAccessorImpl.invoke0(Native Method)
at sun.reflect.NativeMethodAccessorImpl.invoke(NativeMethodAccessorImpl.java:62)
at sun.reflect.DelegatingMethodAccessorImpl.invoke(DelegatingMethodAccessorImpl.java:43)
at java.lang.reflect.Method.invoke(Method.java:498)
at org.testng.internal.MethodInvocationHelper.invokeMethod(MethodInvocationHelper.java:134)
at org.testng.internal.TestInvoker.invokeMethod(TestInvoker.java:597)
at org.testng.internal.TestInvoker.invokeTestMethod(TestInvoker.java:173)
at org.testng.internal.MethodRunner.runInSequence(MethodRunner.java:46)
at org.testng.internal.TestInvoker$MethodInvocationAgent.invoke(TestInvoker.java:816)
at org.testng.internal.TestInvoker.invokeTestMethods(TestInvoker.java:146)
at org.testng.internal.TestMethodWorker.invokeTestMethods(TestMethodWorker.java:146)
at org.testng.internal.TestMethodWorker.run(TestMethodWorker.java:128)
at java.util.ArrayList.forEach(ArrayList.java:1249)
at org.testng.TestRunner.privateRun(TestRunner.java:766)
at org.testng.TestRunner.run(TestRunner.java:587)
at org.testng.SuiteRunner.runTest(SuiteRunner.java:384)
at org.testng.SuiteRunner.runSequentially(SuiteRunner.java:378)
at org.testng.SuiteRunner.privateRun(SuiteRunner.java:337)
at org.testng.SuiteRunner.run(SuiteRunner.java:286)
at org.testng.SuiteRunnerWorker.runSuite(SuiteRunnerWorker.java:53)
at org.testng.SuiteRunnerWorker.run(SuiteRunnerWorker.java:96)
at org.testng.TestNG.runSuitesSequentially(TestNG.java:1187)
at org.testng.TestNG.runSuitesLocally(TestNG.java:1109)
at org.testng.TestNG.runSuites(TestNG.java:1039)
at org.testng.TestNG.run(TestNG.java:1007)
at org.testng.remote.AbstractRemoteTestNG.run(AbstractRemoteTestNG.java:115)
at org.testng.remote.RemoteTestNG.initAndRun(RemoteTestNG.java:251)
at org.testng.remote.RemoteTestNG.main(RemoteTestNG.java:77)
]]>
            </full-stacktrace>
          </exception> <!-- org.openqa.selenium.NoSuchElementException -->
          <reporter-output>
          </reporter-output>
        </test-method> <!-- testCreateProjectTc_05 -->
        <test-method status="PASS" signature="Logout()[pri:0, instance:com.actitime.testscripts.CreateNewProjectPage@76f2b07d]" name="Logout" is-config="true" duration-ms="115" started-at="2020-01-27T15:35:54 IST" finished-at="2020-01-27T15:35:55 IST">
          <reporter-output>
          </reporter-output>
        </test-method> <!-- Logout -->
      </class> <!-- com.actitime.testscripts.CreateNewProjectPage -->
      <class name="com.actitime.testscripts.CreateCustomer">
        <test-method status="PASS" signature="openBrowser()[pri:0, instance:com.actitime.testscripts.CreateCustomer@1f57539]" name="openBrowser" is-config="true" duration-ms="8568" started-at="2020-01-27T15:35:05 IST" finished-at="2020-01-27T15:35:13 IST">
          <reporter-output>
          </reporter-output>
        </test-method> <!-- openBrowser -->
        <test-method status="PASS" signature="Login()[pri:0, instance:com.actitime.testscripts.CreateCustomer@1f57539]" name="Login" is-config="true" duration-ms="2066" started-at="2020-01-27T15:35:13 IST" finished-at="2020-01-27T15:35:15 IST">
          <reporter-output>
          </reporter-output>
        </test-method> <!-- Login -->
        <test-method status="PASS" signature="testCreateCustomerTc_04()[pri:0, instance:com.actitime.testscripts.CreateCustomer@1f57539]" name="testCreateCustomerTc_04" duration-ms="5690" started-at="2020-01-27T15:35:15 IST" finished-at="2020-01-27T15:35:21 IST">
          <reporter-output>
          </reporter-output>
        </test-method> <!-- testCreateCustomerTc_04 -->
        <test-method status="PASS" signature="Logout()[pri:0, instance:com.actitime.testscripts.CreateCustomer@1f57539]" name="Logout" is-config="true" duration-ms="269" started-at="2020-01-27T15:35:21 IST" finished-at="2020-01-27T15:35:21 IST">
          <reporter-output>
          </reporter-output>
        </test-method> <!-- Logout -->
        <test-method status="PASS" signature="CloseBrowser()[pri:0, instance:com.actitime.testscripts.CreateCustomer@1f57539]" name="CloseBrowser" is-config="true" duration-ms="129" started-at="2020-01-27T15:35:55 IST" finished-at="2020-01-27T15:35:55 IST">
          <reporter-output>
          </reporter-output>
        </test-method> <!-- CloseBrowser -->
      </class> <!-- com.actitime.testscripts.CreateCustomer -->
    </test> <!-- Test -->
  </suite> <!-- Suite -->
</testng-results>
